{"/Users/joshuaedwards/Desktop/jesttesting/Test-With-Jest/src/App.jsx": {"path":"/Users/joshuaedwards/Desktop/jesttesting/Test-With-Jest/src/App.jsx","statementMap":{"0":{"start":{"line":7,"column":8},"end":{"line":7,"column":16}},"1":{"start":{"line":8,"column":8},"end":{"line":10,"column":9}},"2":{"start":{"line":11,"column":8},"end":{"line":11,"column":47}},"3":{"start":{"line":15,"column":26},"end":{"line":15,"column":36}},"4":{"start":{"line":16,"column":20},"end":{"line":16,"column":59}},"5":{"start":{"line":16,"column":50},"end":{"line":16,"column":57}},"6":{"start":{"line":17,"column":23},"end":{"line":17,"column":60}},"7":{"start":{"line":18,"column":8},"end":{"line":18,"column":38}},"8":{"start":{"line":19,"column":8},"end":{"line":19,"column":32}},"9":{"start":{"line":23,"column":8},"end":{"line":37,"column":9}},"10":{"start":{"line":29,"column":28},"end":{"line":31,"column":29}}},"fnMap":{"0":{"name":"(anonymous_0)","decl":{"start":{"line":6,"column":4},"end":{"line":6,"column":5}},"loc":{"start":{"line":6,"column":18},"end":{"line":12,"column":5}},"line":6},"1":{"name":"(anonymous_1)","decl":{"start":{"line":14,"column":4},"end":{"line":14,"column":5}},"loc":{"start":{"line":14,"column":14},"end":{"line":20,"column":5}},"line":14},"2":{"name":"(anonymous_2)","decl":{"start":{"line":16,"column":42},"end":{"line":16,"column":43}},"loc":{"start":{"line":16,"column":50},"end":{"line":16,"column":57}},"line":16},"3":{"name":"(anonymous_3)","decl":{"start":{"line":22,"column":4},"end":{"line":22,"column":5}},"loc":{"start":{"line":22,"column":13},"end":{"line":38,"column":5}},"line":22},"4":{"name":"(anonymous_4)","decl":{"start":{"line":28,"column":45},"end":{"line":28,"column":46}},"loc":{"start":{"line":28,"column":58},"end":{"line":32,"column":25}},"line":28}},"branchMap":{"0":{"loc":{"start":{"line":17,"column":23},"end":{"line":17,"column":60}},"type":"cond-expr","locations":[{"start":{"line":17,"column":40},"end":{"line":17,"column":56}},{"start":{"line":17,"column":59},"end":{"line":17,"column":60}}],"line":17}},"s":{"0":1,"1":1,"2":1,"3":3,"4":3,"5":0,"6":3,"7":3,"8":3,"9":7,"10":3},"f":{"0":1,"1":3,"2":0,"3":7,"4":3},"b":{"0":[0,3]},"_coverageSchema":"1a1c01bbd47fc00a2c39e90264f33305004495a9","hash":"1a43915520bad7fb4eb1883b0db296b70b93593d"}
,"/Users/joshuaedwards/Desktop/jesttesting/Test-With-Jest/src/components/Gift.jsx": {"path":"/Users/joshuaedwards/Desktop/jesttesting/Test-With-Jest/src/components/Gift.jsx","statementMap":{"0":{"start":{"line":7,"column":8},"end":{"line":7,"column":16}},"1":{"start":{"line":8,"column":8},"end":{"line":11,"column":9}},"2":{"start":{"line":14,"column":8},"end":{"line":33,"column":10}},"3":{"start":{"line":21,"column":48},"end":{"line":21,"column":82}},"4":{"start":{"line":28,"column":48},"end":{"line":28,"column":88}}},"fnMap":{"0":{"name":"(anonymous_0)","decl":{"start":{"line":6,"column":4},"end":{"line":6,"column":5}},"loc":{"start":{"line":6,"column":18},"end":{"line":12,"column":5}},"line":6},"1":{"name":"(anonymous_1)","decl":{"start":{"line":13,"column":4},"end":{"line":13,"column":5}},"loc":{"start":{"line":13,"column":13},"end":{"line":34,"column":5}},"line":13},"2":{"name":"(anonymous_2)","decl":{"start":{"line":21,"column":39},"end":{"line":21,"column":40}},"loc":{"start":{"line":21,"column":48},"end":{"line":21,"column":82}},"line":21},"3":{"name":"(anonymous_3)","decl":{"start":{"line":28,"column":39},"end":{"line":28,"column":40}},"loc":{"start":{"line":28,"column":48},"end":{"line":28,"column":88}},"line":28}},"branchMap":{},"s":{"0":1,"1":1,"2":3,"3":1,"4":1},"f":{"0":1,"1":3,"2":1,"3":1},"b":{},"_coverageSchema":"1a1c01bbd47fc00a2c39e90264f33305004495a9","hash":"33d6b55dc72d453e757d7f1803b9ea3f726bfb03"}
}
