{"/Users/joshuaedwards/Desktop/jesttesting/Test-With-Jest/src/App.jsx": {"path":"/Users/joshuaedwards/Desktop/jesttesting/Test-With-Jest/src/App.jsx","statementMap":{"0":{"start":{"line":6,"column":8},"end":{"line":6,"column":16}},"1":{"start":{"line":7,"column":8},"end":{"line":9,"column":9}},"2":{"start":{"line":10,"column":8},"end":{"line":10,"column":47}},"3":{"start":{"line":14,"column":26},"end":{"line":14,"column":36}},"4":{"start":{"line":15,"column":20},"end":{"line":15,"column":59}},"5":{"start":{"line":15,"column":50},"end":{"line":15,"column":57}},"6":{"start":{"line":16,"column":23},"end":{"line":16,"column":60}},"7":{"start":{"line":17,"column":8},"end":{"line":17,"column":38}},"8":{"start":{"line":18,"column":8},"end":{"line":18,"column":32}},"9":{"start":{"line":22,"column":8},"end":{"line":26,"column":9}}},"fnMap":{"0":{"name":"(anonymous_0)","decl":{"start":{"line":5,"column":4},"end":{"line":5,"column":5}},"loc":{"start":{"line":5,"column":18},"end":{"line":11,"column":5}},"line":5},"1":{"name":"(anonymous_1)","decl":{"start":{"line":13,"column":4},"end":{"line":13,"column":5}},"loc":{"start":{"line":13,"column":14},"end":{"line":19,"column":5}},"line":13},"2":{"name":"(anonymous_2)","decl":{"start":{"line":15,"column":42},"end":{"line":15,"column":43}},"loc":{"start":{"line":15,"column":50},"end":{"line":15,"column":57}},"line":15},"3":{"name":"(anonymous_3)","decl":{"start":{"line":21,"column":4},"end":{"line":21,"column":5}},"loc":{"start":{"line":21,"column":13},"end":{"line":27,"column":5}},"line":21}},"branchMap":{"0":{"loc":{"start":{"line":16,"column":23},"end":{"line":16,"column":60}},"type":"cond-expr","locations":[{"start":{"line":16,"column":40},"end":{"line":16,"column":56}},{"start":{"line":16,"column":59},"end":{"line":16,"column":60}}],"line":16}},"s":{"0":1,"1":1,"2":1,"3":1,"4":1,"5":0,"6":1,"7":1,"8":1,"9":2},"f":{"0":1,"1":1,"2":0,"3":2},"b":{"0":[0,1]},"_coverageSchema":"1a1c01bbd47fc00a2c39e90264f33305004495a9","hash":"1c1c848c9293128b56b52bd50edd95b053c72a25"}
}
