TN:
SF:src/App.jsx
FN:6,(anonymous_0)
FN:14,(anonymous_1)
FN:16,(anonymous_2)
FN:22,(anonymous_3)
FN:28,(anonymous_4)
FNF:5
FNH:4
FNDA:1,(anonymous_0)
FNDA:3,(anonymous_1)
FNDA:0,(anonymous_2)
FNDA:7,(anonymous_3)
FNDA:3,(anonymous_4)
DA:7,1
DA:8,1
DA:11,1
DA:15,3
DA:16,3
DA:17,3
DA:18,3
DA:19,3
DA:23,7
DA:29,3
LF:10
LH:10
BRDA:17,0,0,0
BRDA:17,0,1,3
BRF:2
BRH:1
end_of_record
TN:
SF:src/components/Gift.jsx
FN:6,(anonymous_0)
FN:13,(anonymous_1)
FN:21,(anonymous_2)
FN:28,(anonymous_3)
FNF:4
FNH:4
FNDA:1,(anonymous_0)
FNDA:3,(anonymous_1)
FNDA:1,(anonymous_2)
FNDA:1,(anonymous_3)
DA:7,1
DA:8,1
DA:14,3
DA:21,1
DA:28,1
LF:5
LH:5
BRF:0
BRH:0
end_of_record
